<?xml version="1.0" encoding="UTF-8"?>
<!-- Generated by org.testng.reporters.JUnitReportReporter -->
<testsuite skipped="0" hostname="Abdou" name="test.MainTest" tests="1" failures="0" timestamp="2023-02-20T23:01:10 CST" time="32.144" errors="0">
  <testcase name="userShouldBeAbleToInsertCategory" time="32.144" classname="test.MainTest"/>
  <system-out/>
</testsuite> <!-- test.MainTest -->
